<?xml version="1.0" encoding="UTF-8"?>
<!-- Generated by org.testng.reporters.JUnitReportReporter -->
<testsuite hostname="DESKTOP-0T60GCV" failures="0" tests="1" name="hackathon.hackathon" time="27.798" errors="0" timestamp="2020-10-19T11:09:06 IST" skipped="0">
  <testcase classname="hackathon.hackathon" name="urbanLadder" time="27.798"/>
  <system-out/>
</testsuite> <!-- hackathon.hackathon -->
